{"/home/perennial/projects/react-boilerplate_1.0/src/App.tsx": {"path":"/home/perennial/projects/react-boilerplate_1.0/src/App.tsx","statementMap":{"0":{"start":{"line":13,"column":6},"end":{"line":13,"column":46}},"1":{"start":{"line":13,"column":40},"end":{"line":13,"column":45}},"2":{"start":{"line":15,"column":2},"end":{"line":21,"column":21}},"3":{"start":{"line":16,"column":4},"end":{"line":20,"column":5}},"4":{"start":{"line":17,"column":6},"end":{"line":17,"column":46}},"5":{"start":{"line":19,"column":6},"end":{"line":19,"column":44}},"6":{"start":{"line":22,"column":2},"end":{"line":33,"column":4}}},"fnMap":{"0":{"name":"App","decl":{"start":{"line":10,"column":24},"end":{"line":10,"column":27}},"loc":{"start":{"line":10,"column":30},"end":{"line":34,"column":1}},"line":10},"1":{"name":"(anonymous_1)","decl":{"start":{"line":13,"column":18},"end":{"line":13,"column":19}},"loc":{"start":{"line":13,"column":40},"end":{"line":13,"column":45}},"line":13},"2":{"name":"(anonymous_2)","decl":{"start":{"line":15,"column":12},"end":{"line":15,"column":13}},"loc":{"start":{"line":15,"column":18},"end":{"line":21,"column":3}},"line":15}},"branchMap":{"0":{"loc":{"start":{"line":16,"column":4},"end":{"line":20,"column":5}},"type":"if","locations":[{"start":{"line":16,"column":4},"end":{"line":20,"column":5}},{"start":{"line":18,"column":11},"end":{"line":20,"column":5}}],"line":16},"1":{"loc":{"start":{"line":27,"column":7},"end":{"line":31,"column":7}},"type":"binary-expr","locations":[{"start":{"line":27,"column":7},"end":{"line":27,"column":19}},{"start":{"line":28,"column":8},"end":{"line":30,"column":14}}],"line":27}},"s":{"0":2,"1":2,"2":2,"3":2,"4":1,"5":1,"6":2},"f":{"0":2,"1":2,"2":2},"b":{"0":[1,1],"1":[2,1]},"_coverageSchema":"1a1c01bbd47fc00a2c39e90264f33305004495a9","hash":"585048560f3e8fc5d4e4c472f42da757a87ff163"}
,"/home/perennial/projects/react-boilerplate_1.0/src/react-app-env.d.ts": {"path":"/home/perennial/projects/react-boilerplate_1.0/src/react-app-env.d.ts","statementMap":{},"fnMap":{},"branchMap":{},"s":{},"f":{},"b":{}}
,"/home/perennial/projects/react-boilerplate_1.0/src/common/components/header/index.tsx": {"path":"/home/perennial/projects/react-boilerplate_1.0/src/common/components/header/index.tsx","statementMap":{"0":{"start":{"line":4,"column":2},"end":{"line":8,"column":4}}},"fnMap":{"0":{"name":"Header","decl":{"start":{"line":3,"column":9},"end":{"line":3,"column":15}},"loc":{"start":{"line":3,"column":18},"end":{"line":9,"column":1}},"line":3}},"branchMap":{},"s":{"0":9},"f":{"0":9},"b":{},"_coverageSchema":"1a1c01bbd47fc00a2c39e90264f33305004495a9","hash":"699fbb00dd4b39b7e9323a68c78d56dc1e2cc4cd"}
,"/home/perennial/projects/react-boilerplate_1.0/src/common/components/utils/Helmet.tsx": {"path":"/home/perennial/projects/react-boilerplate_1.0/src/common/components/utils/Helmet.tsx","statementMap":{"0":{"start":{"line":8,"column":18},"end":{"line":8,"column":23}},"1":{"start":{"line":9,"column":2},"end":{"line":11,"column":14}},"2":{"start":{"line":10,"column":4},"end":{"line":10,"column":42}},"3":{"start":{"line":13,"column":2},"end":{"line":13,"column":14}}},"fnMap":{"0":{"name":"Helmet","decl":{"start":{"line":7,"column":9},"end":{"line":7,"column":15}},"loc":{"start":{"line":7,"column":32},"end":{"line":14,"column":1}},"line":7},"1":{"name":"(anonymous_1)","decl":{"start":{"line":9,"column":12},"end":{"line":9,"column":13}},"loc":{"start":{"line":9,"column":18},"end":{"line":11,"column":3}},"line":9}},"branchMap":{},"s":{"0":8,"1":8,"2":4,"3":8},"f":{"0":8,"1":4},"b":{},"_coverageSchema":"1a1c01bbd47fc00a2c39e90264f33305004495a9","hash":"c4789208242de61791411bcbae3b0bc45342724c"}
,"/home/perennial/projects/react-boilerplate_1.0/src/common/interfaces/index.ts": {"path":"/home/perennial/projects/react-boilerplate_1.0/src/common/interfaces/index.ts","statementMap":{},"fnMap":{},"branchMap":{},"s":{},"f":{},"b":{}}
,"/home/perennial/projects/react-boilerplate_1.0/src/core/helpers/storage-helpers/constants.ts": {"path":"/home/perennial/projects/react-boilerplate_1.0/src/core/helpers/storage-helpers/constants.ts","statementMap":{},"fnMap":{},"branchMap":{},"s":{},"f":{},"b":{}}
,"/home/perennial/projects/react-boilerplate_1.0/src/core/services/axios.ts": {"path":"/home/perennial/projects/react-boilerplate_1.0/src/core/services/axios.ts","statementMap":{"0":{"start":{"line":10,"column":14},"end":{"line":12,"column":2}},"1":{"start":{"line":20,"column":24},"end":{"line":22,"column":1}},"2":{"start":{"line":21,"column":2},"end":{"line":21,"column":51}},"3":{"start":{"line":24,"column":0},"end":{"line":33,"column":2}},"4":{"start":{"line":26,"column":4},"end":{"line":26,"column":26}},"5":{"start":{"line":27,"column":4},"end":{"line":27,"column":18}},"6":{"start":{"line":30,"column":4},"end":{"line":30,"column":27}},"7":{"start":{"line":31,"column":4},"end":{"line":31,"column":33}},"8":{"start":{"line":35,"column":0},"end":{"line":44,"column":2}},"9":{"start":{"line":37,"column":4},"end":{"line":37,"column":27}},"10":{"start":{"line":38,"column":4},"end":{"line":38,"column":20}},"11":{"start":{"line":41,"column":4},"end":{"line":41,"column":27}},"12":{"start":{"line":42,"column":4},"end":{"line":42,"column":33}}},"fnMap":{"0":{"name":"(anonymous_0)","decl":{"start":{"line":20,"column":24},"end":{"line":20,"column":25}},"loc":{"start":{"line":20,"column":48},"end":{"line":22,"column":1}},"line":20},"1":{"name":"(anonymous_1)","decl":{"start":{"line":25,"column":2},"end":{"line":25,"column":3}},"loc":{"start":{"line":25,"column":44},"end":{"line":28,"column":3}},"line":25},"2":{"name":"(anonymous_2)","decl":{"start":{"line":29,"column":2},"end":{"line":29,"column":3}},"loc":{"start":{"line":29,"column":25},"end":{"line":32,"column":3}},"line":29},"3":{"name":"(anonymous_3)","decl":{"start":{"line":36,"column":2},"end":{"line":36,"column":3}},"loc":{"start":{"line":36,"column":31},"end":{"line":39,"column":3}},"line":36},"4":{"name":"(anonymous_4)","decl":{"start":{"line":40,"column":2},"end":{"line":40,"column":3}},"loc":{"start":{"line":40,"column":13},"end":{"line":43,"column":3}},"line":40}},"branchMap":{},"s":{"0":3,"1":3,"2":4,"3":3,"4":2,"5":2,"6":0,"7":0,"8":3,"9":2,"10":2,"11":0,"12":0},"f":{"0":4,"1":2,"2":0,"3":2,"4":0},"b":{},"_coverageSchema":"1a1c01bbd47fc00a2c39e90264f33305004495a9","hash":"fade4e9fadf9fcee964b2a8a7ae5b21002d451eb"}
,"/home/perennial/projects/react-boilerplate_1.0/src/core/services/httpMethods.ts": {"path":"/home/perennial/projects/react-boilerplate_1.0/src/core/services/httpMethods.ts","statementMap":{"0":{"start":{"line":5,"column":2},"end":{"line":5,"column":19}},"1":{"start":{"line":9,"column":2},"end":{"line":14,"column":3}},"2":{"start":{"line":10,"column":17},"end":{"line":10,"column":43}},"3":{"start":{"line":11,"column":4},"end":{"line":11,"column":21}},"4":{"start":{"line":13,"column":4},"end":{"line":13,"column":48}}},"fnMap":{"0":{"name":"throwError","decl":{"start":{"line":4,"column":9},"end":{"line":4,"column":19}},"loc":{"start":{"line":4,"column":44},"end":{"line":6,"column":1}},"line":4},"1":{"name":"get","decl":{"start":{"line":8,"column":22},"end":{"line":8,"column":25}},"loc":{"start":{"line":8,"column":54},"end":{"line":15,"column":1}},"line":8}},"branchMap":{},"s":{"0":0,"1":2,"2":2,"3":2,"4":0},"f":{"0":0,"1":2},"b":{},"_coverageSchema":"1a1c01bbd47fc00a2c39e90264f33305004495a9","hash":"82900002ee252d5f1212be36ab538f41e365585d"}
,"/home/perennial/projects/react-boilerplate_1.0/src/core/store/loadingReducer.ts": {"path":"/home/perennial/projects/react-boilerplate_1.0/src/core/store/loadingReducer.ts","statementMap":{"0":{"start":{"line":3,"column":29},"end":{"line":6,"column":2}},"1":{"start":{"line":8,"column":21},"end":{"line":14,"column":1}},"2":{"start":{"line":16,"column":13},"end":{"line":24,"column":2}},"3":{"start":{"line":21,"column":6},"end":{"line":21,"column":42}},"4":{"start":{"line":26,"column":20},"end":{"line":26,"column":32}},"5":{"start":{"line":28,"column":27},"end":{"line":28,"column":39}}},"fnMap":{"0":{"name":"(anonymous_0)","decl":{"start":{"line":20,"column":4},"end":{"line":20,"column":5}},"loc":{"start":{"line":20,"column":35},"end":{"line":22,"column":5}},"line":20}},"branchMap":{},"s":{"0":6,"1":6,"2":6,"3":4,"4":6,"5":6},"f":{"0":4},"b":{},"_coverageSchema":"1a1c01bbd47fc00a2c39e90264f33305004495a9","hash":"ee02667165918c3efaabc133b562ab2c8430f09a"}
,"/home/perennial/projects/react-boilerplate_1.0/src/pages/users/api/index.ts": {"path":"/home/perennial/projects/react-boilerplate_1.0/src/pages/users/api/index.ts","statementMap":{"0":{"start":{"line":5,"column":29},"end":{"line":8,"column":1}},"1":{"start":{"line":6,"column":19},"end":{"line":6,"column":44}},"2":{"start":{"line":7,"column":2},"end":{"line":7,"column":41}}},"fnMap":{"0":{"name":"(anonymous_0)","decl":{"start":{"line":5,"column":29},"end":{"line":5,"column":30}},"loc":{"start":{"line":5,"column":41},"end":{"line":8,"column":1}},"line":5}},"branchMap":{},"s":{"0":3,"1":2,"2":2},"f":{"0":2},"b":{},"_coverageSchema":"1a1c01bbd47fc00a2c39e90264f33305004495a9","hash":"a4025e72a459c46be89829665ed1c44b1b15fddf"}
,"/home/perennial/projects/react-boilerplate_1.0/src/pages/users/components/userCard/index.tsx": {"path":"/home/perennial/projects/react-boilerplate_1.0/src/pages/users/components/userCard/index.tsx","statementMap":{"0":{"start":{"line":11,"column":2},"end":{"line":33,"column":4}},"1":{"start":{"line":16,"column":21},"end":{"line":16,"column":44}}},"fnMap":{"0":{"name":"UserCard","decl":{"start":{"line":10,"column":9},"end":{"line":10,"column":17}},"loc":{"start":{"line":10,"column":60},"end":{"line":34,"column":1}},"line":10},"1":{"name":"(anonymous_1)","decl":{"start":{"line":16,"column":15},"end":{"line":16,"column":16}},"loc":{"start":{"line":16,"column":21},"end":{"line":16,"column":44}},"line":16}},"branchMap":{},"s":{"0":7,"1":2},"f":{"0":7,"1":2},"b":{},"_coverageSchema":"1a1c01bbd47fc00a2c39e90264f33305004495a9","hash":"1037b85d848260adcbcb512a53c65ba0e531e442"}
,"/home/perennial/projects/react-boilerplate_1.0/src/pages/users/container/index.tsx": {"path":"/home/perennial/projects/react-boilerplate_1.0/src/pages/users/container/index.tsx","statementMap":{"0":{"start":{"line":23,"column":40},"end":{"line":23,"column":52}},"1":{"start":{"line":24,"column":40},"end":{"line":24,"column":59}},"2":{"start":{"line":25,"column":21},"end":{"line":25,"column":67}},"3":{"start":{"line":25,"column":55},"end":{"line":25,"column":66}},"4":{"start":{"line":27,"column":4},"end":{"line":40,"column":6}},"5":{"start":{"line":30,"column":6},"end":{"line":39,"column":8}},"6":{"start":{"line":42,"column":29},"end":{"line":45,"column":3}},"7":{"start":{"line":43,"column":4},"end":{"line":43,"column":33}},"8":{"start":{"line":44,"column":4},"end":{"line":44,"column":39}},"9":{"start":{"line":47,"column":28},"end":{"line":49,"column":3}},"10":{"start":{"line":48,"column":4},"end":{"line":48,"column":25}},"11":{"start":{"line":51,"column":2},"end":{"line":57,"column":9}},"12":{"start":{"line":52,"column":4},"end":{"line":56,"column":7}},"13":{"start":{"line":53,"column":6},"end":{"line":55,"column":7}},"14":{"start":{"line":54,"column":8},"end":{"line":54,"column":52}},"15":{"start":{"line":59,"column":2},"end":{"line":136,"column":4}},"16":{"start":{"line":78,"column":14},"end":{"line":82,"column":16}},"17":{"start":{"line":98,"column":29},"end":{"line":98,"column":49}}},"fnMap":{"0":{"name":"UserDashboard","decl":{"start":{"line":21,"column":9},"end":{"line":21,"column":22}},"loc":{"start":{"line":21,"column":25},"end":{"line":137,"column":1}},"line":21},"1":{"name":"(anonymous_1)","decl":{"start":{"line":25,"column":33},"end":{"line":25,"column":34}},"loc":{"start":{"line":25,"column":55},"end":{"line":25,"column":66}},"line":25},"2":{"name":"(anonymous_2)","decl":{"start":{"line":29,"column":20},"end":{"line":29,"column":21}},"loc":{"start":{"line":29,"column":35},"end":{"line":40,"column":5}},"line":29},"3":{"name":"(anonymous_3)","decl":{"start":{"line":42,"column":29},"end":{"line":42,"column":30}},"loc":{"start":{"line":42,"column":45},"end":{"line":45,"column":3}},"line":42},"4":{"name":"(anonymous_4)","decl":{"start":{"line":47,"column":28},"end":{"line":47,"column":29}},"loc":{"start":{"line":47,"column":43},"end":{"line":49,"column":3}},"line":47},"5":{"name":"(anonymous_5)","decl":{"start":{"line":51,"column":12},"end":{"line":51,"column":13}},"loc":{"start":{"line":51,"column":18},"end":{"line":57,"column":3}},"line":51},"6":{"name":"(anonymous_6)","decl":{"start":{"line":52,"column":25},"end":{"line":52,"column":26}},"loc":{"start":{"line":52,"column":47},"end":{"line":56,"column":5}},"line":52},"7":{"name":"(anonymous_7)","decl":{"start":{"line":77,"column":31},"end":{"line":77,"column":32}},"loc":{"start":{"line":78,"column":14},"end":{"line":82,"column":16}},"line":78},"8":{"name":"(anonymous_8)","decl":{"start":{"line":98,"column":23},"end":{"line":98,"column":24}},"loc":{"start":{"line":98,"column":29},"end":{"line":98,"column":49}},"line":98}},"branchMap":{"0":{"loc":{"start":{"line":27,"column":4},"end":{"line":40,"column":6}},"type":"binary-expr","locations":[{"start":{"line":27,"column":4},"end":{"line":27,"column":12}},{"start":{"line":28,"column":4},"end":{"line":28,"column":19}},{"start":{"line":29,"column":4},"end":{"line":40,"column":6}}],"line":27},"1":{"loc":{"start":{"line":31,"column":8},"end":{"line":38,"column":46}},"type":"binary-expr","locations":[{"start":{"line":31,"column":8},"end":{"line":31,"column":73}},{"start":{"line":32,"column":8},"end":{"line":32,"column":73}},{"start":{"line":33,"column":8},"end":{"line":33,"column":72}},{"start":{"line":34,"column":8},"end":{"line":34,"column":73}},{"start":{"line":35,"column":8},"end":{"line":35,"column":68}},{"start":{"line":36,"column":8},"end":{"line":38,"column":46}}],"line":31},"2":{"loc":{"start":{"line":53,"column":6},"end":{"line":55,"column":7}},"type":"if","locations":[{"start":{"line":53,"column":6},"end":{"line":55,"column":7}},{"start":{},"end":{}}],"line":53},"3":{"loc":{"start":{"line":64,"column":9},"end":{"line":74,"column":16}},"type":"cond-expr","locations":[{"start":{"line":65,"column":10},"end":{"line":73,"column":16}},{"start":{"line":74,"column":12},"end":{"line":74,"column":16}}],"line":64},"4":{"loc":{"start":{"line":64,"column":9},"end":{"line":64,"column":36}},"type":"binary-expr","locations":[{"start":{"line":64,"column":9},"end":{"line":64,"column":17}},{"start":{"line":64,"column":21},"end":{"line":64,"column":36}}],"line":64},"5":{"loc":{"start":{"line":75,"column":9},"end":{"line":89,"column":9}},"type":"cond-expr","locations":[{"start":{"line":76,"column":10},"end":{"line":84,"column":16}},{"start":{"line":86,"column":10},"end":{"line":88,"column":16}}],"line":75},"6":{"loc":{"start":{"line":75,"column":9},"end":{"line":75,"column":46}},"type":"binary-expr","locations":[{"start":{"line":75,"column":9},"end":{"line":75,"column":22}},{"start":{"line":75,"column":26},"end":{"line":75,"column":46}}],"line":75},"7":{"loc":{"start":{"line":93,"column":27},"end":{"line":93,"column":57}},"type":"cond-expr","locations":[{"start":{"line":93,"column":41},"end":{"line":93,"column":48}},{"start":{"line":93,"column":51},"end":{"line":93,"column":57}}],"line":93}},"s":{"0":8,"1":8,"2":8,"3":8,"4":8,"5":7,"6":8,"7":2,"8":2,"9":8,"10":1,"11":8,"12":4,"13":4,"14":4,"15":8,"16":6,"17":1},"f":{"0":8,"1":8,"2":7,"3":2,"4":1,"5":4,"6":4,"7":6,"8":1},"b":{"0":[8,7,7],"1":[7,1,1,1,1,1],"2":[4,0],"3":[7,1],"4":[8,7],"5":[6,2],"6":[8,7],"7":[1,7]},"_coverageSchema":"1a1c01bbd47fc00a2c39e90264f33305004495a9","hash":"1a2b0d935bf6c898d09d9c5887013b8b83d980f1"}
,"/home/perennial/projects/react-boilerplate_1.0/src/pages/users/store/reducer.ts": {"path":"/home/perennial/projects/react-boilerplate_1.0/src/pages/users/store/reducer.ts","statementMap":{"0":{"start":{"line":8,"column":47},"end":{"line":10,"column":1}},"1":{"start":{"line":12,"column":13},"end":{"line":20,"column":2}},"2":{"start":{"line":17,"column":6},"end":{"line":17,"column":39}},"3":{"start":{"line":22,"column":20},"end":{"line":22,"column":32}},"4":{"start":{"line":24,"column":27},"end":{"line":24,"column":39}}},"fnMap":{"0":{"name":"(anonymous_0)","decl":{"start":{"line":16,"column":4},"end":{"line":16,"column":5}},"loc":{"start":{"line":16,"column":32},"end":{"line":18,"column":5}},"line":16}},"branchMap":{},"s":{"0":6,"1":6,"2":4,"3":6,"4":6},"f":{"0":4},"b":{},"_coverageSchema":"1a1c01bbd47fc00a2c39e90264f33305004495a9","hash":"6e9d521c64be2f8228ffa1a1ba932d2483bade28"}
,"/home/perennial/projects/react-boilerplate_1.0/src/rootStore/store.ts": {"path":"/home/perennial/projects/react-boilerplate_1.0/src/rootStore/store.ts","statementMap":{"0":{"start":{"line":8,"column":20},"end":{"line":11,"column":2}},"1":{"start":{"line":13,"column":22},"end":{"line":17,"column":1}},"2":{"start":{"line":19,"column":25},"end":{"line":19,"column":67}},"3":{"start":{"line":21,"column":14},"end":{"line":28,"column":2}},"4":{"start":{"line":25,"column":4},"end":{"line":27,"column":6}},"5":{"start":{"line":30,"column":26},"end":{"line":30,"column":31}},"6":{"start":{"line":34,"column":25},"end":{"line":34,"column":44}}},"fnMap":{"0":{"name":"(anonymous_0)","decl":{"start":{"line":24,"column":14},"end":{"line":24,"column":15}},"loc":{"start":{"line":25,"column":4},"end":{"line":27,"column":6}},"line":25}},"branchMap":{},"s":{"0":6,"1":6,"2":6,"3":6,"4":6,"5":6,"6":6},"f":{"0":6},"b":{},"_coverageSchema":"1a1c01bbd47fc00a2c39e90264f33305004495a9","hash":"773e5c5d133083de897ffb040f3498c306dbd192"}
,"/home/perennial/projects/react-boilerplate_1.0/src/shared/components/loader/index.tsx": {"path":"/home/perennial/projects/react-boilerplate_1.0/src/shared/components/loader/index.tsx","statementMap":{"0":{"start":{"line":4,"column":2},"end":{"line":10,"column":4}}},"fnMap":{"0":{"name":"Loader","decl":{"start":{"line":3,"column":24},"end":{"line":3,"column":30}},"loc":{"start":{"line":3,"column":33},"end":{"line":11,"column":1}},"line":3}},"branchMap":{},"s":{"0":1},"f":{"0":1},"b":{},"_coverageSchema":"1a1c01bbd47fc00a2c39e90264f33305004495a9","hash":"9b0ad1fba89f88e2c0b1ae217440cf8999b5cea5"}
}
