TN:
SF:src/App.tsx
FN:10,App
FN:13,(anonymous_1)
FN:15,(anonymous_2)
FNF:3
FNH:3
FNDA:2,App
FNDA:2,(anonymous_1)
FNDA:2,(anonymous_2)
DA:13,2
DA:15,2
DA:16,2
DA:17,1
DA:19,1
DA:22,2
LF:6
LH:6
BRDA:16,0,0,1
BRDA:16,0,1,1
BRDA:27,1,0,2
BRDA:27,1,1,1
BRF:4
BRH:4
end_of_record
TN:
SF:src/react-app-env.d.ts
FNF:0
FNH:0
LF:0
LH:0
BRF:0
BRH:0
end_of_record
TN:
SF:src/common/components/header/index.tsx
FN:3,Header
FNF:1
FNH:1
FNDA:9,Header
DA:4,9
LF:1
LH:1
BRF:0
BRH:0
end_of_record
TN:
SF:src/common/components/utils/Helmet.tsx
FN:7,Helmet
FN:9,(anonymous_1)
FNF:2
FNH:2
FNDA:8,Helmet
FNDA:4,(anonymous_1)
DA:8,8
DA:9,8
DA:10,4
DA:13,8
LF:4
LH:4
BRF:0
BRH:0
end_of_record
TN:
SF:src/common/interfaces/index.ts
FNF:0
FNH:0
LF:0
LH:0
BRF:0
BRH:0
end_of_record
TN:
SF:src/core/helpers/storage-helpers/constants.ts
FNF:0
FNH:0
LF:0
LH:0
BRF:0
BRH:0
end_of_record
TN:
SF:src/core/services/axios.ts
FN:20,(anonymous_0)
FN:25,(anonymous_1)
FN:29,(anonymous_2)
FN:36,(anonymous_3)
FN:40,(anonymous_4)
FNF:5
FNH:3
FNDA:4,(anonymous_0)
FNDA:2,(anonymous_1)
FNDA:0,(anonymous_2)
FNDA:2,(anonymous_3)
FNDA:0,(anonymous_4)
DA:10,3
DA:20,3
DA:21,4
DA:24,3
DA:26,2
DA:27,2
DA:30,0
DA:31,0
DA:35,3
DA:37,2
DA:38,2
DA:41,0
DA:42,0
LF:13
LH:9
BRF:0
BRH:0
end_of_record
TN:
SF:src/core/services/httpMethods.ts
FN:4,throwError
FN:8,get
FNF:2
FNH:1
FNDA:0,throwError
FNDA:2,get
DA:5,0
DA:9,2
DA:10,2
DA:11,2
DA:13,0
LF:5
LH:3
BRF:0
BRH:0
end_of_record
TN:
SF:src/core/store/loadingReducer.ts
FN:20,(anonymous_0)
FNF:1
FNH:1
FNDA:4,(anonymous_0)
DA:3,6
DA:8,6
DA:16,6
DA:21,4
DA:26,6
DA:28,6
LF:6
LH:6
BRF:0
BRH:0
end_of_record
TN:
SF:src/pages/users/api/index.ts
FN:5,(anonymous_0)
FNF:1
FNH:1
FNDA:2,(anonymous_0)
DA:5,3
DA:6,2
DA:7,2
LF:3
LH:3
BRF:0
BRH:0
end_of_record
TN:
SF:src/pages/users/components/userCard/index.tsx
FN:10,UserCard
FN:16,(anonymous_1)
FNF:2
FNH:2
FNDA:7,UserCard
FNDA:2,(anonymous_1)
DA:11,7
DA:16,2
LF:2
LH:2
BRF:0
BRH:0
end_of_record
TN:
SF:src/pages/users/container/index.tsx
FN:21,UserDashboard
FN:25,(anonymous_1)
FN:29,(anonymous_2)
FN:42,(anonymous_3)
FN:47,(anonymous_4)
FN:51,(anonymous_5)
FN:52,(anonymous_6)
FN:77,(anonymous_7)
FN:98,(anonymous_8)
FNF:9
FNH:9
FNDA:8,UserDashboard
FNDA:8,(anonymous_1)
FNDA:7,(anonymous_2)
FNDA:2,(anonymous_3)
FNDA:1,(anonymous_4)
FNDA:4,(anonymous_5)
FNDA:4,(anonymous_6)
FNDA:6,(anonymous_7)
FNDA:1,(anonymous_8)
DA:23,8
DA:24,8
DA:25,8
DA:27,8
DA:30,7
DA:42,8
DA:43,2
DA:44,2
DA:47,8
DA:48,1
DA:51,8
DA:52,4
DA:53,4
DA:54,4
DA:59,8
DA:78,6
DA:98,1
LF:17
LH:17
BRDA:27,0,0,8
BRDA:27,0,1,7
BRDA:27,0,2,7
BRDA:31,1,0,7
BRDA:31,1,1,1
BRDA:31,1,2,1
BRDA:31,1,3,1
BRDA:31,1,4,1
BRDA:31,1,5,1
BRDA:53,2,0,4
BRDA:53,2,1,0
BRDA:64,3,0,7
BRDA:64,3,1,1
BRDA:64,4,0,8
BRDA:64,4,1,7
BRDA:75,5,0,6
BRDA:75,5,1,2
BRDA:75,6,0,8
BRDA:75,6,1,7
BRDA:93,7,0,1
BRDA:93,7,1,7
BRF:21
BRH:20
end_of_record
TN:
SF:src/pages/users/store/reducer.ts
FN:16,(anonymous_0)
FNF:1
FNH:1
FNDA:4,(anonymous_0)
DA:8,6
DA:12,6
DA:17,4
DA:22,6
DA:24,6
LF:5
LH:5
BRF:0
BRH:0
end_of_record
TN:
SF:src/rootStore/store.ts
FN:24,(anonymous_0)
FNF:1
FNH:1
FNDA:6,(anonymous_0)
DA:8,6
DA:13,6
DA:19,6
DA:21,6
DA:25,6
DA:30,6
DA:34,6
LF:7
LH:7
BRF:0
BRH:0
end_of_record
TN:
SF:src/shared/components/loader/index.tsx
FN:3,Loader
FNF:1
FNH:1
FNDA:1,Loader
DA:4,1
LF:1
LH:1
BRF:0
BRH:0
end_of_record
